C:\Users\javie\GitHub\simulation-engine\include\Model.h(70,62): error C4430: missing type specifier - int assumed. Note: C++ does not support default-int [C:\Users\javie\GitHub\simulation-engine\simulation-engine.vcxproj]
C:\Users\javie\GitHub\simulation-engine\include\Model.h(70,76): error C2143: syntax error: missing ',' before '*' [C:\Users\javie\GitHub\simulation-engine\simulation-engine.vcxproj]
C:\Users\javie\GitHub\simulation-engine\include\Model.h(70,62): error C4430: missing type specifier - int assumed. Note: C++ does not support default-int [C:\Users\javie\GitHub\simulation-engine\simulation-engine.vcxproj]
C:\Users\javie\GitHub\simulation-engine\include\Model.h(70,76): error C2143: syntax error: missing ',' before '*' [C:\Users\javie\GitHub\simulation-engine\simulation-engine.vcxproj]
C:\Users\javie\GitHub\simulation-engine\include\Model.h(70,62): error C4430: missing type specifier - int assumed. Note: C++ does not support default-int [C:\Users\javie\GitHub\simulation-engine\simulation-engine.vcxproj]
C:\Users\javie\GitHub\simulation-engine\include\Model.h(70,76): error C2143: syntax error: missing ',' before '*' [C:\Users\javie\GitHub\simulation-engine\simulation-engine.vcxproj]
C:\Users\javie\GitHub\simulation-engine\include\Model.h(70,62): error C4430: missing type specifier - int assumed. Note: C++ does not support default-int [C:\Users\javie\GitHub\simulation-engine\simulation-engine.vcxproj]
C:\Users\javie\GitHub\simulation-engine\include\Model.h(70,76): error C2143: syntax error: missing ',' before '*' [C:\Users\javie\GitHub\simulation-engine\simulation-engine.vcxproj]
C:\Users\javie\GitHub\simulation-engine\include\Model.h(70,62): error C4430: missing type specifier - int assumed. Note: C++ does not support default-int [C:\Users\javie\GitHub\simulation-engine\simulation-engine.vcxproj]
C:\Users\javie\GitHub\simulation-engine\include\Model.h(70,76): error C2143: syntax error: missing ',' before '*' [C:\Users\javie\GitHub\simulation-engine\simulation-engine.vcxproj]
C:\Users\javie\GitHub\simulation-engine\include\Model.h(70,62): error C4430: missing type specifier - int assumed. Note: C++ does not support default-int [C:\Users\javie\GitHub\simulation-engine\simulation-engine.vcxproj]
C:\Users\javie\GitHub\simulation-engine\include\Model.h(70,76): error C2143: syntax error: missing ',' before '*' [C:\Users\javie\GitHub\simulation-engine\simulation-engine.vcxproj]
C:\Users\javie\GitHub\simulation-engine\include\Model.h(70,62): error C4430: missing type specifier - int assumed. Note: C++ does not support default-int [C:\Users\javie\GitHub\simulation-engine\simulation-engine.vcxproj]
C:\Users\javie\GitHub\simulation-engine\include\Model.h(70,76): error C2143: syntax error: missing ',' before '*' [C:\Users\javie\GitHub\simulation-engine\simulation-engine.vcxproj]
C:\Users\javie\GitHub\simulation-engine\include\Model.h(70,62): error C4430: missing type specifier - int assumed. Note: C++ does not support default-int [C:\Users\javie\GitHub\simulation-engine\simulation-engine.vcxproj]
C:\Users\javie\GitHub\simulation-engine\include\Model.h(70,76): error C2143: syntax error: missing ',' before '*' [C:\Users\javie\GitHub\simulation-engine\simulation-engine.vcxproj]
C:\Users\javie\GitHub\simulation-engine\source\Model.cpp(72,13): error C2511: 'void Model::draw(VkCommandBuffer,VkDescriptorSet,const GE::Graphics::Pipeline *const )': overloaded member function not found in 'Model' [C:\Users\javie\GitHub\simulation-engine\simulation-engine.vcxproj]
C:\Users\javie\GitHub\simulation-engine\source\Model.cpp(73,29): error C3312: no callable 'begin' function found for type 'unknown' [C:\Users\javie\GitHub\simulation-engine\simulation-engine.vcxproj]
C:\Users\javie\GitHub\simulation-engine\source\Model.cpp(73,29): error C3312: no callable 'end' function found for type 'unknown' [C:\Users\javie\GitHub\simulation-engine\simulation-engine.vcxproj]
C:\Users\javie\GitHub\simulation-engine\source\Model.cpp(73,22): error C2530: 'mesh': references must be initialized [C:\Users\javie\GitHub\simulation-engine\simulation-engine.vcxproj]
C:\Users\javie\GitHub\simulation-engine\source\Model.cpp(73,22): error C3531: 'mesh': a symbol whose type contains 'auto' must have an initializer [C:\Users\javie\GitHub\simulation-engine\simulation-engine.vcxproj]
C:\Users\javie\GitHub\simulation-engine\source\Model.cpp(73,27): error C2143: syntax error: missing ';' before ':' [C:\Users\javie\GitHub\simulation-engine\simulation-engine.vcxproj]
C:\Users\javie\GitHub\simulation-engine\source\Model.cpp(73,29): error C2597: illegal reference to non-static member 'Model::meshes' [C:\Users\javie\GitHub\simulation-engine\simulation-engine.vcxproj]
C:\Users\javie\GitHub\simulation-engine\source\Model.cpp(73,35): error C2143: syntax error: missing ';' before ')' [C:\Users\javie\GitHub\simulation-engine\simulation-engine.vcxproj]
C:\Users\javie\GitHub\simulation-engine\source\Model.cpp(73,29): error C2451: a conditional expression of type 'unknown' is not valid [C:\Users\javie\GitHub\simulation-engine\simulation-engine.vcxproj]
C:\Users\javie\GitHub\simulation-engine\source\Model.cpp(74,18): error C2446: '!=': no conversion from 'nullptr' to '<error type>' [C:\Users\javie\GitHub\simulation-engine\simulation-engine.vcxproj]
C:\Users\javie\GitHub\simulation-engine\include\Model.h(70,62): error C4430: missing type specifier - int assumed. Note: C++ does not support default-int [C:\Users\javie\GitHub\simulation-engine\simulation-engine.vcxproj]
C:\Users\javie\GitHub\simulation-engine\include\Model.h(70,76): error C2143: syntax error: missing ',' before '*' [C:\Users\javie\GitHub\simulation-engine\simulation-engine.vcxproj]
C:\Users\javie\GitHub\simulation-engine\include\Model.h(70,62): error C4430: missing type specifier - int assumed. Note: C++ does not support default-int [C:\Users\javie\GitHub\simulation-engine\simulation-engine.vcxproj]
C:\Users\javie\GitHub\simulation-engine\include\Model.h(70,76): error C2143: syntax error: missing ',' before '*' [C:\Users\javie\GitHub\simulation-engine\simulation-engine.vcxproj]
C:\Users\javie\GitHub\simulation-engine\include\Model.h(70,62): error C4430: missing type specifier - int assumed. Note: C++ does not support default-int [C:\Users\javie\GitHub\simulation-engine\simulation-engine.vcxproj]
C:\Users\javie\GitHub\simulation-engine\include\Model.h(70,76): error C2143: syntax error: missing ',' before '*' [C:\Users\javie\GitHub\simulation-engine\simulation-engine.vcxproj]
C:\Users\javie\GitHub\simulation-engine\include\Model.h(70,62): error C4430: missing type specifier - int assumed. Note: C++ does not support default-int [C:\Users\javie\GitHub\simulation-engine\simulation-engine.vcxproj]
C:\Users\javie\GitHub\simulation-engine\include\Model.h(70,76): error C2143: syntax error: missing ',' before '*' [C:\Users\javie\GitHub\simulation-engine\simulation-engine.vcxproj]
